[debug] [2025-10-31T02:28:14.121Z] ----------------------------------------------------------------------
[debug] [2025-10-31T02:28:14.125Z] Command:       C:\Program Files\nodejs\node.exe C:\Users\LENOVO\AppData\Roaming\npm\node_modules\firebase-tools\lib\bin\firebase.js init
[debug] [2025-10-31T02:28:14.125Z] CLI Version:   14.23.0
[debug] [2025-10-31T02:28:14.126Z] Platform:      win32
[debug] [2025-10-31T02:28:14.126Z] Node Version:  v24.11.0
[debug] [2025-10-31T02:28:14.126Z] Time:          Thu Oct 30 2025 21:28:14 GMT-0500 (hora estándar de Colombia)
[debug] [2025-10-31T02:28:14.126Z] ----------------------------------------------------------------------
[debug] 
[info] 
     ######## #### ########  ######## ########     ###     ######  ########
     ##        ##  ##     ## ##       ##     ##  ##   ##  ##       ##
     ######    ##  ########  ######   ########  #########  ######  ######
     ##        ##  ##    ##  ##       ##     ## ##     ##       ## ##
     ##       #### ##     ## ######## ########  ##     ##  ######  ########

You're about to initialize a Firebase project in this directory:

  C:\Sergio\1. University\Semester 1\3. Programación Objetos\Proyecto\CRUD Firebase Greenway

Before we get started, keep in mind:

  * You are currently outside your home directory

[info] 
=== Project Setup
[info] 
[info] First, let's associate this project directory with a Firebase project.
[info] You can create multiple project aliases by running firebase use --add, 
[info] 
[debug] [2025-10-31T02:29:23.398Z] > command requires scopes: ["email","openid","https://www.googleapis.com/auth/cloudplatformprojects.readonly","https://www.googleapis.com/auth/firebase","https://www.googleapis.com/auth/cloud-platform"]
[debug] [2025-10-31T02:29:23.398Z] > authorizing via signed-in user (sechaves@unal.edu.co)
[debug] [2025-10-31T02:29:23.400Z] Checked if tokens are valid: true, expires at: 1761881037926
[debug] [2025-10-31T02:29:23.400Z] Checked if tokens are valid: true, expires at: 1761881037926
[debug] [2025-10-31T02:29:23.402Z] >>> [apiv2][query] GET https://firebase.googleapis.com/v1beta1/projects pageSize=100
[debug] [2025-10-31T02:29:23.871Z] <<< [apiv2][status] GET https://firebase.googleapis.com/v1beta1/projects 200
[debug] [2025-10-31T02:29:23.871Z] <<< [apiv2][body] GET https://firebase.googleapis.com/v1beta1/projects [omitted]
[info] 
=== Hosting Setup
[debug] [2025-10-31T02:29:27.136Z] Checked if tokens are valid: true, expires at: 1761881037926
[debug] [2025-10-31T02:29:27.136Z] Checked if tokens are valid: true, expires at: 1761881037926
[debug] [2025-10-31T02:29:27.136Z] >>> [apiv2][query] GET https://firebase.googleapis.com/v1beta1/projects/greenway-450aa [none]
[debug] [2025-10-31T02:29:27.484Z] <<< [apiv2][status] GET https://firebase.googleapis.com/v1beta1/projects/greenway-450aa 200
[debug] [2025-10-31T02:29:27.484Z] <<< [apiv2][body] GET https://firebase.googleapis.com/v1beta1/projects/greenway-450aa {"projectId":"greenway-450aa","projectNumber":"107049448583","displayName":"Greenway","name":"projects/greenway-450aa","resources":{"hostingSite":"greenway-450aa","realtimeDatabaseInstance":"greenway-450aa-default-rtdb"},"state":"ACTIVE","etag":"1_52495c49-f9fc-4618-8873-68efbc9a9a4c"}
[info] 
[info] Your public directory is the folder (relative to your project directory) that
[info] will contain Hosting assets to be uploaded with firebase deploy. If you
[info] have a build process for your assets, use your build's output directory.
[info] 
